GPU device: Tesla T4
Compute capability: 7.5
Multiprocessors: 40
Input directory: "/content/CUDA-at-Scale-Independent-Project/data/input"
Output directory: "/content/CUDA-at-Scale-Independent-Project/data/output"
Threshold: 88
Warmup launches per image: 1
Images scheduled: 256
processed synthetic_0000.pgm (256x256), gpu_ms=0.0143, edge_ratio=0.7487
processed synthetic_0001.pgm (256x256), gpu_ms=0.0143, edge_ratio=0.7001
processed synthetic_0002.pgm (256x256), gpu_ms=0.0147, edge_ratio=0.6381
processed synthetic_0003.pgm (256x256), gpu_ms=0.0143, edge_ratio=0.5874
processed synthetic_0004.pgm (256x256), gpu_ms=0.0140, edge_ratio=0.5438
processed synthetic_0005.pgm (256x256), gpu_ms=0.0143, edge_ratio=0.5069
processed synthetic_0006.pgm (256x256), gpu_ms=0.0143, edge_ratio=0.4747
processed synthetic_0007.pgm (256x256), gpu_ms=0.0129, edge_ratio=0.4470
processed synthetic_0008.pgm (256x256), gpu_ms=0.0140, edge_ratio=0.4220
processed synthetic_0009.pgm (256x256), gpu_ms=0.0266, edge_ratio=0.4014
processed synthetic_0010.pgm (256x256), gpu_ms=0.0148, edge_ratio=0.3806
processed synthetic_0011.pgm (256x256), gpu_ms=0.0140, edge_ratio=0.7459
processed synthetic_0012.pgm (256x256), gpu_ms=0.0142, edge_ratio=0.6990
processed synthetic_0013.pgm (256x256), gpu_ms=0.0137, edge_ratio=0.6392
processed synthetic_0014.pgm (256x256), gpu_ms=0.0144, edge_ratio=0.5892
processed synthetic_0015.pgm (256x256), gpu_ms=0.0139, edge_ratio=0.5437
processed synthetic_0016.pgm (256x256), gpu_ms=0.0133, edge_ratio=0.5073
processed synthetic_0017.pgm (256x256), gpu_ms=0.0141, edge_ratio=0.4704
processed synthetic_0018.pgm (256x256), gpu_ms=0.0134, edge_ratio=0.4397
processed synthetic_0019.pgm (256x256), gpu_ms=0.0132, edge_ratio=0.4095
processed synthetic_0020.pgm (256x256), gpu_ms=0.0129, edge_ratio=0.3892
processed synthetic_0021.pgm (256x256), gpu_ms=0.0141, edge_ratio=0.3691
processed synthetic_0022.pgm (256x256), gpu_ms=0.0131, edge_ratio=0.7298
processed synthetic_0023.pgm (256x256), gpu_ms=0.0143, edge_ratio=0.6968
processed synthetic_0024.pgm (256x256), gpu_ms=0.0127, edge_ratio=0.6410
processed synthetic_0025.pgm (256x256), gpu_ms=0.0132, edge_ratio=0.5900
processed synthetic_0026.pgm (256x256), gpu_ms=0.0135, edge_ratio=0.5460
processed synthetic_0027.pgm (256x256), gpu_ms=0.0143, edge_ratio=0.5089
processed synthetic_0028.pgm (256x256), gpu_ms=0.0546, edge_ratio=0.4768
processed synthetic_0029.pgm (256x256), gpu_ms=0.0125, edge_ratio=0.4498
processed synthetic_0030.pgm (256x256), gpu_ms=0.0128, edge_ratio=0.4238
processed synthetic_0031.pgm (256x256), gpu_ms=0.0143, edge_ratio=0.4010
processed synthetic_0032.pgm (256x256), gpu_ms=0.0142, edge_ratio=0.3814
processed synthetic_0033.pgm (256x256), gpu_ms=0.0140, edge_ratio=0.7485
processed synthetic_0034.pgm (256x256), gpu_ms=0.0131, edge_ratio=0.6981
processed synthetic_0035.pgm (256x256), gpu_ms=0.0348, edge_ratio=0.6399
processed synthetic_0036.pgm (256x256), gpu_ms=0.0137, edge_ratio=0.5884
processed synthetic_0037.pgm (256x256), gpu_ms=0.0142, edge_ratio=0.5432
processed synthetic_0038.pgm (256x256), gpu_ms=0.0143, edge_ratio=0.5070
processed synthetic_0039.pgm (256x256), gpu_ms=0.0140, edge_ratio=0.4738
processed synthetic_0040.pgm (256x256), gpu_ms=0.0143, edge_ratio=0.4472
processed synthetic_0041.pgm (256x256), gpu_ms=0.0144, edge_ratio=0.4227
processed synthetic_0042.pgm (256x256), gpu_ms=0.0140, edge_ratio=0.4008
processed synthetic_0043.pgm (256x256), gpu_ms=0.0141, edge_ratio=0.3801
processed synthetic_0044.pgm (256x256), gpu_ms=0.0130, edge_ratio=0.7364
processed synthetic_0045.pgm (256x256), gpu_ms=0.0144, edge_ratio=0.6861
processed synthetic_0046.pgm (256x256), gpu_ms=0.0140, edge_ratio=0.6368
processed synthetic_0047.pgm (256x256), gpu_ms=0.0144, edge_ratio=0.5849
processed synthetic_0048.pgm (256x256), gpu_ms=0.0139, edge_ratio=0.5429
processed synthetic_0049.pgm (256x256), gpu_ms=0.0140, edge_ratio=0.5043
processed synthetic_0050.pgm (256x256), gpu_ms=0.0143, edge_ratio=0.4713
processed synthetic_0051.pgm (256x256), gpu_ms=0.0141, edge_ratio=0.4452
processed synthetic_0052.pgm (256x256), gpu_ms=0.0143, edge_ratio=0.4221
processed synthetic_0053.pgm (256x256), gpu_ms=0.0140, edge_ratio=0.3999
processed synthetic_0054.pgm (256x256), gpu_ms=0.0132, edge_ratio=0.3804
processed synthetic_0055.pgm (256x256), gpu_ms=0.0143, edge_ratio=0.7459
processed synthetic_0056.pgm (256x256), gpu_ms=0.0129, edge_ratio=0.6970
processed synthetic_0057.pgm (256x256), gpu_ms=0.0204, edge_ratio=0.6388
processed synthetic_0058.pgm (256x256), gpu_ms=0.0129, edge_ratio=0.5895
processed synthetic_0059.pgm (256x256), gpu_ms=0.0148, edge_ratio=0.5444
processed synthetic_0060.pgm (256x256), gpu_ms=0.0132, edge_ratio=0.5089
processed synthetic_0061.pgm (256x256), gpu_ms=0.0137, edge_ratio=0.4777
processed synthetic_0062.pgm (256x256), gpu_ms=0.0131, edge_ratio=0.4481
processed synthetic_0063.pgm (256x256), gpu_ms=0.0143, edge_ratio=0.4242
processed synthetic_0064.pgm (256x256), gpu_ms=0.0125, edge_ratio=0.4013
processed synthetic_0065.pgm (256x256), gpu_ms=0.0143, edge_ratio=0.3807
processed synthetic_0066.pgm (256x256), gpu_ms=0.0131, edge_ratio=0.7484
processed synthetic_0067.pgm (256x256), gpu_ms=0.0143, edge_ratio=0.7010
processed synthetic_0068.pgm (256x256), gpu_ms=0.0139, edge_ratio=0.6430
processed synthetic_0069.pgm (256x256), gpu_ms=0.0132, edge_ratio=0.5875
processed synthetic_0070.pgm (256x256), gpu_ms=0.0124, edge_ratio=0.5441
processed synthetic_0071.pgm (256x256), gpu_ms=0.0143, edge_ratio=0.5076
processed synthetic_0072.pgm (256x256), gpu_ms=0.0140, edge_ratio=0.4737
processed synthetic_0073.pgm (256x256), gpu_ms=0.0143, edge_ratio=0.4431
processed synthetic_0074.pgm (256x256), gpu_ms=0.0134, edge_ratio=0.4180
processed synthetic_0075.pgm (256x256), gpu_ms=0.0132, edge_ratio=0.3965
processed synthetic_0076.pgm (256x256), gpu_ms=0.0144, edge_ratio=0.3768
processed synthetic_0077.pgm (256x256), gpu_ms=0.0142, edge_ratio=0.7416
processed synthetic_0078.pgm (256x256), gpu_ms=0.0146, edge_ratio=0.6940
processed synthetic_0079.pgm (256x256), gpu_ms=0.0123, edge_ratio=0.6319
processed synthetic_0080.pgm (256x256), gpu_ms=0.0185, edge_ratio=0.5813
processed synthetic_0081.pgm (256x256), gpu_ms=0.0143, edge_ratio=0.5354
processed synthetic_0082.pgm (256x256), gpu_ms=0.0139, edge_ratio=0.4961
processed synthetic_0083.pgm (256x256), gpu_ms=0.0131, edge_ratio=0.4643
processed synthetic_0084.pgm (256x256), gpu_ms=0.0143, edge_ratio=0.4389
processed synthetic_0085.pgm (256x256), gpu_ms=0.0155, edge_ratio=0.4126
processed synthetic_0086.pgm (256x256), gpu_ms=0.0143, edge_ratio=0.3960
processed synthetic_0087.pgm (256x256), gpu_ms=0.0128, edge_ratio=0.3764
processed synthetic_0088.pgm (256x256), gpu_ms=0.0140, edge_ratio=0.7372
processed synthetic_0089.pgm (256x256), gpu_ms=0.0140, edge_ratio=0.6922
processed synthetic_0090.pgm (256x256), gpu_ms=0.0142, edge_ratio=0.6331
processed synthetic_0091.pgm (256x256), gpu_ms=0.0143, edge_ratio=0.5858
processed synthetic_0092.pgm (256x256), gpu_ms=0.0131, edge_ratio=0.5455
processed synthetic_0093.pgm (256x256), gpu_ms=0.0143, edge_ratio=0.5092
processed synthetic_0094.pgm (256x256), gpu_ms=0.0140, edge_ratio=0.4739
processed synthetic_0095.pgm (256x256), gpu_ms=0.0137, edge_ratio=0.4462
processed synthetic_0096.pgm (256x256), gpu_ms=0.0143, edge_ratio=0.4221
processed synthetic_0097.pgm (256x256), gpu_ms=0.0155, edge_ratio=0.4003
processed synthetic_0098.pgm (256x256), gpu_ms=0.0155, edge_ratio=0.3809
processed synthetic_0099.pgm (256x256), gpu_ms=0.0130, edge_ratio=0.7478
processed synthetic_0100.pgm (256x256), gpu_ms=0.0132, edge_ratio=0.6994
processed synthetic_0101.pgm (256x256), gpu_ms=0.0144, edge_ratio=0.6414
processed synthetic_0102.pgm (256x256), gpu_ms=0.0140, edge_ratio=0.5877
processed synthetic_0103.pgm (256x256), gpu_ms=0.0143, edge_ratio=0.5440
processed synthetic_0104.pgm (256x256), gpu_ms=0.0144, edge_ratio=0.5082
processed synthetic_0105.pgm (256x256), gpu_ms=0.0140, edge_ratio=0.4762
processed synthetic_0106.pgm (256x256), gpu_ms=0.0134, edge_ratio=0.4469
processed synthetic_0107.pgm (256x256), gpu_ms=0.0123, edge_ratio=0.4215
processed synthetic_0108.pgm (256x256), gpu_ms=0.0137, edge_ratio=0.3985
processed synthetic_0109.pgm (256x256), gpu_ms=0.0147, edge_ratio=0.3790
processed synthetic_0110.pgm (256x256), gpu_ms=0.0163, edge_ratio=0.7438
processed synthetic_0111.pgm (256x256), gpu_ms=0.0124, edge_ratio=0.6980
processed synthetic_0112.pgm (256x256), gpu_ms=0.0143, edge_ratio=0.6406
processed synthetic_0113.pgm (256x256), gpu_ms=0.0141, edge_ratio=0.5889
processed synthetic_0114.pgm (256x256), gpu_ms=0.0132, edge_ratio=0.5434
processed synthetic_0115.pgm (256x256), gpu_ms=0.0143, edge_ratio=0.5077
processed synthetic_0116.pgm (256x256), gpu_ms=0.0143, edge_ratio=0.4742
processed synthetic_0117.pgm (256x256), gpu_ms=0.0132, edge_ratio=0.4439
processed synthetic_0118.pgm (256x256), gpu_ms=0.0128, edge_ratio=0.4197
processed synthetic_0119.pgm (256x256), gpu_ms=0.0135, edge_ratio=0.3990
processed synthetic_0120.pgm (256x256), gpu_ms=0.0131, edge_ratio=0.3801
processed synthetic_0121.pgm (256x256), gpu_ms=0.0140, edge_ratio=0.7471
processed synthetic_0122.pgm (256x256), gpu_ms=0.0127, edge_ratio=0.6991
processed synthetic_0123.pgm (256x256), gpu_ms=0.0143, edge_ratio=0.6417
processed synthetic_0124.pgm (256x256), gpu_ms=0.0127, edge_ratio=0.5878
processed synthetic_0125.pgm (256x256), gpu_ms=0.0131, edge_ratio=0.5442
processed synthetic_0126.pgm (256x256), gpu_ms=0.0140, edge_ratio=0.5058
processed synthetic_0127.pgm (256x256), gpu_ms=0.0138, edge_ratio=0.4731
processed synthetic_0128.pgm (256x256), gpu_ms=0.0139, edge_ratio=0.4442
processed synthetic_0129.pgm (256x256), gpu_ms=0.0143, edge_ratio=0.4196
processed synthetic_0130.pgm (256x256), gpu_ms=0.0135, edge_ratio=0.3981
processed synthetic_0131.pgm (256x256), gpu_ms=0.0143, edge_ratio=0.3795
processed synthetic_0132.pgm (256x256), gpu_ms=0.0129, edge_ratio=0.7439
processed synthetic_0133.pgm (256x256), gpu_ms=0.0143, edge_ratio=0.6994
processed synthetic_0134.pgm (256x256), gpu_ms=0.0133, edge_ratio=0.6403
processed synthetic_0135.pgm (256x256), gpu_ms=0.0141, edge_ratio=0.5882
processed synthetic_0136.pgm (256x256), gpu_ms=0.0142, edge_ratio=0.5464
processed synthetic_0137.pgm (256x256), gpu_ms=0.0138, edge_ratio=0.5068
processed synthetic_0138.pgm (256x256), gpu_ms=0.0128, edge_ratio=0.4723
processed synthetic_0139.pgm (256x256), gpu_ms=0.0143, edge_ratio=0.4453
processed synthetic_0140.pgm (256x256), gpu_ms=0.0128, edge_ratio=0.4209
processed synthetic_0141.pgm (256x256), gpu_ms=0.0134, edge_ratio=0.3992
processed synthetic_0142.pgm (256x256), gpu_ms=0.0123, edge_ratio=0.3815
processed synthetic_0143.pgm (256x256), gpu_ms=0.0132, edge_ratio=0.7471
processed synthetic_0144.pgm (256x256), gpu_ms=0.0126, edge_ratio=0.6986
processed synthetic_0145.pgm (256x256), gpu_ms=0.0126, edge_ratio=0.6438
processed synthetic_0146.pgm (256x256), gpu_ms=0.0132, edge_ratio=0.5912
processed synthetic_0147.pgm (256x256), gpu_ms=0.0143, edge_ratio=0.5484
processed synthetic_0148.pgm (256x256), gpu_ms=0.0140, edge_ratio=0.5108
processed synthetic_0149.pgm (256x256), gpu_ms=0.0133, edge_ratio=0.4762
processed synthetic_0150.pgm (256x256), gpu_ms=0.0133, edge_ratio=0.4452
processed synthetic_0151.pgm (256x256), gpu_ms=0.0128, edge_ratio=0.4206
processed synthetic_0152.pgm (256x256), gpu_ms=0.0138, edge_ratio=0.3986
processed synthetic_0153.pgm (256x256), gpu_ms=0.0136, edge_ratio=0.3799
processed synthetic_0154.pgm (256x256), gpu_ms=0.0143, edge_ratio=0.7454
processed synthetic_0155.pgm (256x256), gpu_ms=0.0137, edge_ratio=0.6999
processed synthetic_0156.pgm (256x256), gpu_ms=0.0131, edge_ratio=0.6424
processed synthetic_0157.pgm (256x256), gpu_ms=0.0131, edge_ratio=0.5904
processed synthetic_0158.pgm (256x256), gpu_ms=0.0143, edge_ratio=0.5466
processed synthetic_0159.pgm (256x256), gpu_ms=0.0143, edge_ratio=0.5069
processed synthetic_0160.pgm (256x256), gpu_ms=0.0142, edge_ratio=0.4749
processed synthetic_0161.pgm (256x256), gpu_ms=0.0140, edge_ratio=0.4444
processed synthetic_0162.pgm (256x256), gpu_ms=0.0143, edge_ratio=0.4191
processed synthetic_0163.pgm (256x256), gpu_ms=0.0139, edge_ratio=0.3959
processed synthetic_0164.pgm (256x256), gpu_ms=0.0143, edge_ratio=0.3744
processed synthetic_0165.pgm (256x256), gpu_ms=0.0139, edge_ratio=0.7427
processed synthetic_0166.pgm (256x256), gpu_ms=0.0139, edge_ratio=0.6940
processed synthetic_0167.pgm (256x256), gpu_ms=0.0141, edge_ratio=0.6360
processed synthetic_0168.pgm (256x256), gpu_ms=0.0138, edge_ratio=0.5843
processed synthetic_0169.pgm (256x256), gpu_ms=0.0131, edge_ratio=0.5410
processed synthetic_0170.pgm (256x256), gpu_ms=0.0141, edge_ratio=0.5036
processed synthetic_0171.pgm (256x256), gpu_ms=0.0139, edge_ratio=0.4750
processed synthetic_0172.pgm (256x256), gpu_ms=0.0138, edge_ratio=0.4491
processed synthetic_0173.pgm (256x256), gpu_ms=0.0144, edge_ratio=0.4243
processed synthetic_0174.pgm (256x256), gpu_ms=0.0134, edge_ratio=0.4005
processed synthetic_0175.pgm (256x256), gpu_ms=0.0129, edge_ratio=0.3819
processed synthetic_0176.pgm (256x256), gpu_ms=0.0142, edge_ratio=0.7477
processed synthetic_0177.pgm (256x256), gpu_ms=0.0143, edge_ratio=0.6998
processed synthetic_0178.pgm (256x256), gpu_ms=0.0125, edge_ratio=0.6435
processed synthetic_0179.pgm (256x256), gpu_ms=0.0143, edge_ratio=0.5902
processed synthetic_0180.pgm (256x256), gpu_ms=0.0143, edge_ratio=0.5472
processed synthetic_0181.pgm (256x256), gpu_ms=0.0143, edge_ratio=0.5113
processed synthetic_0182.pgm (256x256), gpu_ms=0.0126, edge_ratio=0.4785
processed synthetic_0183.pgm (256x256), gpu_ms=0.0143, edge_ratio=0.4511
processed synthetic_0184.pgm (256x256), gpu_ms=0.0136, edge_ratio=0.4207
processed synthetic_0185.pgm (256x256), gpu_ms=0.0136, edge_ratio=0.3984
processed synthetic_0186.pgm (256x256), gpu_ms=0.0137, edge_ratio=0.3779
processed synthetic_0187.pgm (256x256), gpu_ms=0.0137, edge_ratio=0.7442
processed synthetic_0188.pgm (256x256), gpu_ms=0.0139, edge_ratio=0.6986
processed synthetic_0189.pgm (256x256), gpu_ms=0.0128, edge_ratio=0.6392
processed synthetic_0190.pgm (256x256), gpu_ms=0.0139, edge_ratio=0.5893
processed synthetic_0191.pgm (256x256), gpu_ms=0.0144, edge_ratio=0.5451
processed synthetic_0192.pgm (256x256), gpu_ms=0.0139, edge_ratio=0.5055
processed synthetic_0193.pgm (256x256), gpu_ms=0.0126, edge_ratio=0.4724
processed synthetic_0194.pgm (256x256), gpu_ms=0.0143, edge_ratio=0.4438
processed synthetic_0195.pgm (256x256), gpu_ms=0.0138, edge_ratio=0.4191
processed synthetic_0196.pgm (256x256), gpu_ms=0.0135, edge_ratio=0.3953
processed synthetic_0197.pgm (256x256), gpu_ms=0.0141, edge_ratio=0.3753
processed synthetic_0198.pgm (256x256), gpu_ms=0.0135, edge_ratio=0.7401
processed synthetic_0199.pgm (256x256), gpu_ms=0.0131, edge_ratio=0.6935
processed synthetic_0200.pgm (256x256), gpu_ms=0.0138, edge_ratio=0.6390
processed synthetic_0201.pgm (256x256), gpu_ms=0.0138, edge_ratio=0.5895
processed synthetic_0202.pgm (256x256), gpu_ms=0.0143, edge_ratio=0.5468
processed synthetic_0203.pgm (256x256), gpu_ms=0.0123, edge_ratio=0.5110
processed synthetic_0204.pgm (256x256), gpu_ms=0.0143, edge_ratio=0.4786
processed synthetic_0205.pgm (256x256), gpu_ms=0.0143, edge_ratio=0.4499
processed synthetic_0206.pgm (256x256), gpu_ms=0.0143, edge_ratio=0.4226
processed synthetic_0207.pgm (256x256), gpu_ms=0.0132, edge_ratio=0.3999
processed synthetic_0208.pgm (256x256), gpu_ms=0.0130, edge_ratio=0.3804
processed synthetic_0209.pgm (256x256), gpu_ms=0.0139, edge_ratio=0.7490
processed synthetic_0210.pgm (256x256), gpu_ms=0.0145, edge_ratio=0.7005
processed synthetic_0211.pgm (256x256), gpu_ms=0.0143, edge_ratio=0.6425
processed synthetic_0212.pgm (256x256), gpu_ms=0.0130, edge_ratio=0.5885
processed synthetic_0213.pgm (256x256), gpu_ms=0.0129, edge_ratio=0.5469
processed synthetic_0214.pgm (256x256), gpu_ms=0.0131, edge_ratio=0.5101
processed synthetic_0215.pgm (256x256), gpu_ms=0.0130, edge_ratio=0.4787
processed synthetic_0216.pgm (256x256), gpu_ms=0.0129, edge_ratio=0.4466
processed synthetic_0217.pgm (256x256), gpu_ms=0.0139, edge_ratio=0.4222
processed synthetic_0218.pgm (256x256), gpu_ms=0.0141, edge_ratio=0.3989
processed synthetic_0219.pgm (256x256), gpu_ms=0.0127, edge_ratio=0.3775
processed synthetic_0220.pgm (256x256), gpu_ms=0.0136, edge_ratio=0.7356
processed synthetic_0221.pgm (256x256), gpu_ms=0.0132, edge_ratio=0.6859
processed synthetic_0222.pgm (256x256), gpu_ms=0.0142, edge_ratio=0.6291
processed synthetic_0223.pgm (256x256), gpu_ms=0.0465, edge_ratio=0.5824
processed synthetic_0224.pgm (256x256), gpu_ms=0.0125, edge_ratio=0.5424
processed synthetic_0225.pgm (256x256), gpu_ms=0.0309, edge_ratio=0.5075
processed synthetic_0226.pgm (256x256), gpu_ms=0.0131, edge_ratio=0.4738
processed synthetic_0227.pgm (256x256), gpu_ms=0.0143, edge_ratio=0.4434
processed synthetic_0228.pgm (256x256), gpu_ms=0.0143, edge_ratio=0.4139
processed synthetic_0229.pgm (256x256), gpu_ms=0.0126, edge_ratio=0.3910
processed synthetic_0230.pgm (256x256), gpu_ms=0.0139, edge_ratio=0.3745
processed synthetic_0231.pgm (256x256), gpu_ms=0.0128, edge_ratio=0.7391
processed synthetic_0232.pgm (256x256), gpu_ms=0.0143, edge_ratio=0.6907
processed synthetic_0233.pgm (256x256), gpu_ms=0.0140, edge_ratio=0.6353
processed synthetic_0234.pgm (256x256), gpu_ms=0.0141, edge_ratio=0.5864
processed synthetic_0235.pgm (256x256), gpu_ms=0.0142, edge_ratio=0.5425
processed synthetic_0236.pgm (256x256), gpu_ms=0.0125, edge_ratio=0.5062
processed synthetic_0237.pgm (256x256), gpu_ms=0.0129, edge_ratio=0.4743
processed synthetic_0238.pgm (256x256), gpu_ms=0.0130, edge_ratio=0.4480
processed synthetic_0239.pgm (256x256), gpu_ms=0.0130, edge_ratio=0.4224
processed synthetic_0240.pgm (256x256), gpu_ms=0.0138, edge_ratio=0.4003
processed synthetic_0241.pgm (256x256), gpu_ms=0.0143, edge_ratio=0.3811
processed synthetic_0242.pgm (256x256), gpu_ms=0.0135, edge_ratio=0.7487
processed synthetic_0243.pgm (256x256), gpu_ms=0.0143, edge_ratio=0.7006
processed synthetic_0244.pgm (256x256), gpu_ms=0.0140, edge_ratio=0.6423
processed synthetic_0245.pgm (256x256), gpu_ms=0.0129, edge_ratio=0.5919
processed synthetic_0246.pgm (256x256), gpu_ms=0.0131, edge_ratio=0.5453
processed synthetic_0247.pgm (256x256), gpu_ms=0.0140, edge_ratio=0.5055
processed synthetic_0248.pgm (256x256), gpu_ms=0.0143, edge_ratio=0.4747
processed synthetic_0249.pgm (256x256), gpu_ms=0.0131, edge_ratio=0.4449
processed synthetic_0250.pgm (256x256), gpu_ms=0.0143, edge_ratio=0.4208
processed synthetic_0251.pgm (256x256), gpu_ms=0.0130, edge_ratio=0.3971
processed synthetic_0252.pgm (256x256), gpu_ms=0.0139, edge_ratio=0.3789
processed synthetic_0253.pgm (256x256), gpu_ms=0.0134, edge_ratio=0.7444
processed synthetic_0254.pgm (256x256), gpu_ms=0.0143, edge_ratio=0.6956
processed synthetic_0255.pgm (256x256), gpu_ms=0.0143, edge_ratio=0.6346

Processed images: 256
Total pixels: 16777216
Accumulated kernel time (ms): 3.6548
Wall time including I/O (ms): 450.4823
Summary CSV: "/content/CUDA-at-Scale-Independent-Project/data/output/summary.csv"
